<?xml version="1.0" encoding="UTF-8"?>
<!-- Generated by org.testng.reporters.JUnitXMLReporter -->
<testsuite ignored="0" hostname="DESKTOP-L8RV5BP" failures="0" tests="4" name="Default test" time="4.533" errors="0" timestamp="2022-05-20T09:41:48 IST">
  <testcase classname="testing_API.Test1" name="testGET" time="2.826"/>
  <testcase classname="testing_API.Test1" name="testPOST" time="0.575"/>
  <testcase classname="testing_API.Test1" name="testPUT" time="0.536"/>
  <testcase classname="testing_API.Test1" name="testDELETE" time="0.529"/>
</testsuite> <!-- Default test -->
